app/build/outputs/logs/manifest-merger-debug-report.txt
-- Merging decision tree log ---
manifest
ADDED from src/main/AndroidManifest.xml:2:1-39:12
	xmlns:android
		ADDED from src/main/AndroidManifest.xml:2:11-69
	package
		ADDED from src/main/AndroidManifest.xml:3:5-45
		INJECTED from src/main/AndroidManifest.xml
		INJECTED from src/main/AndroidManifest.xml
	android:versionName
		ADDED from src/main/AndroidManifest.xml:5:5-30
	android:versionCode
		ADDED from src/main/AndroidManifest.xml:4:5-28
		INJECTED from src/main/AndroidManifest.xml
		INJECTED from src/main/AndroidManifest.xml
uses-sdk
ADDED from src/main/AndroidManifest.xml:7:5-9:41
	android:targetSdkVersion
		ADDED from src/main/AndroidManifest.xml:9:9-38
		INJECTED from src/main/AndroidManifest.xml
		INJECTED from src/main/AndroidManifest.xml
	android:minSdkVersion
		ADDED from src/main/AndroidManifest.xml:8:9-34
		INJECTED from src/main/AndroidManifest.xml
		INJECTED from src/main/AndroidManifest.xml
uses-permission#android.permission.INTERNET
ADDED from src/main/AndroidManifest.xml:11:5-67
	android:name
		ADDED from src/main/AndroidManifest.xml:11:22-64
application
ADDED from src/main/AndroidManifest.xml:13:5-37:19
	android:label
		ADDED from src/main/AndroidManifest.xml:16:9-41
	android:icon
		ADDED from src/main/AndroidManifest.xml:15:9-45
	android:name
		ADDED from src/main/AndroidManifest.xml:14:9-71
activity#com.solinpromex.pedrovillarejo.SplashScreen
ADDED from src/main/AndroidManifest.xml:17:9-28:20
	android:screenOrientation
		ADDED from src/main/AndroidManifest.xml:20:13-49
	android:label
		ADDED from src/main/AndroidManifest.xml:19:13-45
	android:name
		ADDED from src/main/AndroidManifest.xml:18:13-41
intent-filter#android.intent.action.MAIN+android.intent.category.LAUNCHER
ADDED from src/main/AndroidManifest.xml:22:13-26:29
action#android.intent.action.MAIN
ADDED from src/main/AndroidManifest.xml:23:17-69
	android:name
		ADDED from src/main/AndroidManifest.xml:23:25-66
category#android.intent.category.LAUNCHER
ADDED from src/main/AndroidManifest.xml:25:17-77
	android:name
		ADDED from src/main/AndroidManifest.xml:25:27-74
activity#com.solinpromex.pedrovillarejo.MainActivity
ADDED from src/main/AndroidManifest.xml:29:9-32:15
	android:screenOrientation
		ADDED from src/main/AndroidManifest.xml:31:13-49
	android:configChanges
		ADDED from src/main/AndroidManifest.xml:30:13-48
	android:name
		ADDED from src/main/AndroidManifest.xml:29:19-47
activity#com.solinpromex.pedrovillarejo.LoginSignupActivity
ADDED from src/main/AndroidManifest.xml:33:9-34:20
	android:name
		ADDED from src/main/AndroidManifest.xml:33:19-84
activity#com.solinpromex.pedrovillarejo.Welcome
ADDED from src/main/AndroidManifest.xml:35:9-36:20
	android:name
		ADDED from src/main/AndroidManifest.xml:35:19-72